生成启动时间为 2016/9/4 14:24:09。
     1>项目“E:\vs 2010程序\2016-9-4  自己\2016-9-4  自己.vcxproj”在节点 2 上(build 个目标)。
     1>InitializeBuildStatus:
         正在创建“Debug\2016-9-4  自己.unsuccessfulbuild”，因为已指定“AlwaysCreate”。
       ClCompile:
         C:\Program Files (x86)\Microsoft Visual Studio 10.0\VC\bin\CL.exe /c /ZI /nologo /W3 /WX- /Od /Oy- /D WIN32 /D _DEBUG /D _CONSOLE /D _UNICODE /D UNICODE /Gm /EHsc /RTC1 /MDd /GS /fp:precise /Zc:wchar_t /Zc:forScope /Fo"Debug\\" /Fd"Debug\vc100.pdb" /Gd /TP /analyze- /errorReport:prompt "随便写.cpp"
         随便写.cpp
       ManifestResourceCompile:
         C:\Program Files (x86)\Microsoft SDKs\Windows\v7.0A\bin\rc.exe /nologo /fo"Debug\2016-9-4  自己.exe.embed.manifest.res" "Debug\2016-9-4  自己_manifest.rc" 
       Link:
         C:\Program Files (x86)\Microsoft Visual Studio 10.0\VC\bin\link.exe /ERRORREPORT:PROMPT /OUT:"E:\vs 2010程序\2016-9-4  自己\Debug\2016-9-4  自己.exe" /INCREMENTAL /NOLOGO kernel32.lib user32.lib gdi32.lib winspool.lib comdlg32.lib advapi32.lib shell32.lib ole32.lib oleaut32.lib uuid.lib odbc32.lib odbccp32.lib /MANIFEST /ManifestFile:"Debug\2016-9-4  自己.exe.intermediate.manifest" /MANIFESTUAC:"level='asInvoker' uiAccess='false'" /DEBUG /PDB:"E:\vs 2010程序\2016-9-4  自己\Debug\2016-9-4  自己.pdb" /SUBSYSTEM:CONSOLE /TLBID:1 /DYNAMICBASE /NXCOMPAT /IMPLIB:"E:\vs 2010程序\2016-9-4  自己\Debug\2016-9-4  自己.lib" /MACHINE:X86 "Debug\2016-9-4  自己.exe.embed.manifest.res"
         "Debug\随便写.obj"
       Manifest:
         C:\Program Files (x86)\Microsoft SDKs\Windows\v7.0A\bin\mt.exe /nologo /verbose /out:"Debug\2016-9-4  自己.exe.embed.manifest" /manifest "Debug\2016-9-4  自己.exe.intermediate.manifest"
         C:\Program Files (x86)\Microsoft SDKs\Windows\v7.0A\bin\rc.exe /nologo /fo"Debug\2016-9-4  自己.exe.embed.manifest.res" "Debug\2016-9-4  自己_manifest.rc" 
       LinkEmbedManifest:
         C:\Program Files (x86)\Microsoft Visual Studio 10.0\VC\bin\link.exe /ERRORREPORT:PROMPT /OUT:"E:\vs 2010程序\2016-9-4  自己\Debug\2016-9-4  自己.exe" /INCREMENTAL /NOLOGO kernel32.lib user32.lib gdi32.lib winspool.lib comdlg32.lib advapi32.lib shell32.lib ole32.lib oleaut32.lib uuid.lib odbc32.lib odbccp32.lib /MANIFEST /ManifestFile:"Debug\2016-9-4  自己.exe.intermediate.manifest" /MANIFESTUAC:"level='asInvoker' uiAccess='false'" /DEBUG /PDB:"E:\vs 2010程序\2016-9-4  自己\Debug\2016-9-4  自己.pdb" /SUBSYSTEM:CONSOLE /TLBID:1 /DYNAMICBASE /NXCOMPAT /IMPLIB:"E:\vs 2010程序\2016-9-4  自己\Debug\2016-9-4  自己.lib" /MACHINE:X86 "Debug\2016-9-4  自己.exe.embed.manifest.res"
         "Debug\随便写.obj"
         2016-9-4  自己.vcxproj -> E:\vs 2010程序\2016-9-4  自己\Debug\2016-9-4  自己.exe
       FinalizeBuildStatus:
         正在删除文件“Debug\2016-9-4  自己.unsuccessfulbuild”。
         正在对“Debug\2016-9-4  自己.lastbuildstate”执行 Touch 任务。
     1>已完成生成项目“E:\vs 2010程序\2016-9-4  自己\2016-9-4  自己.vcxproj”(build 个目标)的操作。

生成成功。

已用时间 00:00:01.91
