生成启动时间为 2017/7/7 7:57:55。
     1>项目“E:\vs 2010程序\caozuoxitong2017-7-7\caozuoxitong2017-7-7.vcxproj”在节点 2 上(rebuild 个目标)。
     1>InitializeBuildStatus:
         正在创建“Debug\caozuoxitong2017-7-7.unsuccessfulbuild”，因为已指定“AlwaysCreate”。
       ClCompile:
         E:\vs2010\VC\bin\CL.exe /c /ZI /nologo /W3 /WX- /Od /Oy- /D WIN32 /D _DEBUG /D _CONSOLE /D _UNICODE /D UNICODE /Gm /EHsc /RTC1 /MDd /GS /fp:precise /Zc:wchar_t /Zc:forScope /Fo"Debug\\" /Fd"Debug\vc100.pdb" /Gd /TP /analyze- /errorReport:prompt "caozuoxitong2017-7-7.cpp" stdafx.cpp
         stdafx.cpp
         caozuoxitong2017-7-7.cpp
         正在生成代码...
       ManifestResourceCompile:
         C:\Program Files (x86)\Microsoft SDKs\Windows\v7.0A\bin\rc.exe /nologo /fo"Debug\caozuoxitong2017-7-7.exe.embed.manifest.res" Debug\caozuoxitong2017-7-7_manifest.rc 
       Link:
         E:\vs2010\VC\bin\link.exe /ERRORREPORT:PROMPT /OUT:"E:\vs 2010程序\caozuoxitong2017-7-7\Debug\caozuoxitong2017-7-7.exe" /INCREMENTAL /NOLOGO kernel32.lib user32.lib gdi32.lib winspool.lib comdlg32.lib advapi32.lib shell32.lib ole32.lib oleaut32.lib uuid.lib odbc32.lib odbccp32.lib /MANIFEST /ManifestFile:"Debug\caozuoxitong2017-7-7.exe.intermediate.manifest" /MANIFESTUAC:"level='asInvoker' uiAccess='false'" /DEBUG /PDB:"E:\vs 2010程序\caozuoxitong2017-7-7\Debug\caozuoxitong2017-7-7.pdb" /SUBSYSTEM:CONSOLE /TLBID:1 /DYNAMICBASE /NXCOMPAT /IMPLIB:"E:\vs 2010程序\caozuoxitong2017-7-7\Debug\caozuoxitong2017-7-7.lib" /MACHINE:X86 "Debug\caozuoxitong2017-7-7.exe.embed.manifest.res"
         "Debug\caozuoxitong2017-7-7.obj"
         Debug\stdafx.obj
       Manifest:
         正在删除文件“Debug\caozuoxitong2017-7-7.exe.embed.manifest”。
         C:\Program Files (x86)\Microsoft SDKs\Windows\v7.0A\bin\mt.exe /nologo /verbose /out:"Debug\caozuoxitong2017-7-7.exe.embed.manifest" /manifest "Debug\caozuoxitong2017-7-7.exe.intermediate.manifest"
         C:\Program Files (x86)\Microsoft SDKs\Windows\v7.0A\bin\rc.exe /nologo /fo"Debug\caozuoxitong2017-7-7.exe.embed.manifest.res" Debug\caozuoxitong2017-7-7_manifest.rc 
       LinkEmbedManifest:
         E:\vs2010\VC\bin\link.exe /ERRORREPORT:PROMPT /OUT:"E:\vs 2010程序\caozuoxitong2017-7-7\Debug\caozuoxitong2017-7-7.exe" /INCREMENTAL /NOLOGO kernel32.lib user32.lib gdi32.lib winspool.lib comdlg32.lib advapi32.lib shell32.lib ole32.lib oleaut32.lib uuid.lib odbc32.lib odbccp32.lib /MANIFEST /ManifestFile:"Debug\caozuoxitong2017-7-7.exe.intermediate.manifest" /MANIFESTUAC:"level='asInvoker' uiAccess='false'" /DEBUG /PDB:"E:\vs 2010程序\caozuoxitong2017-7-7\Debug\caozuoxitong2017-7-7.pdb" /SUBSYSTEM:CONSOLE /TLBID:1 /DYNAMICBASE /NXCOMPAT /IMPLIB:"E:\vs 2010程序\caozuoxitong2017-7-7\Debug\caozuoxitong2017-7-7.lib" /MACHINE:X86 "Debug\caozuoxitong2017-7-7.exe.embed.manifest.res"
         "Debug\caozuoxitong2017-7-7.obj"
         Debug\stdafx.obj
         caozuoxitong2017-7-7.vcxproj -> E:\vs 2010程序\caozuoxitong2017-7-7\Debug\caozuoxitong2017-7-7.exe
       FinalizeBuildStatus:
         正在删除文件“Debug\caozuoxitong2017-7-7.unsuccessfulbuild”。
         正在对“Debug\caozuoxitong2017-7-7.lastbuildstate”执行 Touch 任务。
     1>已完成生成项目“E:\vs 2010程序\caozuoxitong2017-7-7\caozuoxitong2017-7-7.vcxproj”(rebuild 个目标)的操作。

生成成功。

已用时间 00:00:02.37
