生成启动时间为 2017/1/5 16:21:03。
     1>项目“E:\vs 2010程序\c++2-4\c++2-4.vcxproj”在节点 2 上(build 个目标)。
     1>InitializeBuildStatus:
         正在创建“Debug\c++2-4.unsuccessfulbuild”，因为已指定“AlwaysCreate”。
       ClCompile:
         E:\vs2010\VC\bin\CL.exe /c /ZI /nologo /W3 /WX- /Od /Oy- /D WIN32 /D _DEBUG /D _CONSOLE /D _UNICODE /D UNICODE /Gm /EHsc /RTC1 /MDd /GS /fp:precise /Zc:wchar_t /Zc:forScope /Fo"Debug\\" /Fd"Debug\vc100.pdb" /Gd /TP /analyze- /errorReport:prompt "2-4.cpp"
         2-4.cpp
     1>e:\vs 2010程序\c++2-4\2-4.cpp(6): warning C4244: “初始化”: 从“const double”转换到“float”，可能丢失数据
       ManifestResourceCompile:
         C:\Program Files (x86)\Microsoft SDKs\Windows\v7.0A\bin\rc.exe /nologo /fo"Debug\c++2-4.exe.embed.manifest.res" Debug\c++2-4_manifest.rc 
       Link:
         E:\vs2010\VC\bin\link.exe /ERRORREPORT:PROMPT /OUT:"E:\vs 2010程序\c++2-4\Debug\c++2-4.exe" /INCREMENTAL /NOLOGO kernel32.lib user32.lib gdi32.lib winspool.lib comdlg32.lib advapi32.lib shell32.lib ole32.lib oleaut32.lib uuid.lib odbc32.lib odbccp32.lib /MANIFEST /ManifestFile:"Debug\c++2-4.exe.intermediate.manifest" /MANIFESTUAC:"level='asInvoker' uiAccess='false'" /DEBUG /PDB:"E:\vs 2010程序\c++2-4\Debug\c++2-4.pdb" /SUBSYSTEM:CONSOLE /TLBID:1 /DYNAMICBASE /NXCOMPAT /IMPLIB:"E:\vs 2010程序\c++2-4\Debug\c++2-4.lib" /MACHINE:X86 "Debug\c++2-4.exe.embed.manifest.res"
         "Debug\2-4.obj"
       Manifest:
         C:\Program Files (x86)\Microsoft SDKs\Windows\v7.0A\bin\mt.exe /nologo /verbose /out:"Debug\c++2-4.exe.embed.manifest" /manifest "Debug\c++2-4.exe.intermediate.manifest"
         C:\Program Files (x86)\Microsoft SDKs\Windows\v7.0A\bin\rc.exe /nologo /fo"Debug\c++2-4.exe.embed.manifest.res" Debug\c++2-4_manifest.rc 
       LinkEmbedManifest:
         E:\vs2010\VC\bin\link.exe /ERRORREPORT:PROMPT /OUT:"E:\vs 2010程序\c++2-4\Debug\c++2-4.exe" /INCREMENTAL /NOLOGO kernel32.lib user32.lib gdi32.lib winspool.lib comdlg32.lib advapi32.lib shell32.lib ole32.lib oleaut32.lib uuid.lib odbc32.lib odbccp32.lib /MANIFEST /ManifestFile:"Debug\c++2-4.exe.intermediate.manifest" /MANIFESTUAC:"level='asInvoker' uiAccess='false'" /DEBUG /PDB:"E:\vs 2010程序\c++2-4\Debug\c++2-4.pdb" /SUBSYSTEM:CONSOLE /TLBID:1 /DYNAMICBASE /NXCOMPAT /IMPLIB:"E:\vs 2010程序\c++2-4\Debug\c++2-4.lib" /MACHINE:X86 "Debug\c++2-4.exe.embed.manifest.res"
         "Debug\2-4.obj"
         c++2-4.vcxproj -> E:\vs 2010程序\c++2-4\Debug\c++2-4.exe
       FinalizeBuildStatus:
         正在删除文件“Debug\c++2-4.unsuccessfulbuild”。
         正在对“Debug\c++2-4.lastbuildstate”执行 Touch 任务。
     1>已完成生成项目“E:\vs 2010程序\c++2-4\c++2-4.vcxproj”(build 个目标)的操作。

生成成功。

已用时间 00:00:04.47
