生成启动时间为 2017/2/4 20:32:10。
     1>项目“E:\vs 2010程序\四平方和\四平方和.vcxproj”在节点 2 上(build 个目标)。
     1>InitializeBuildStatus:
         正在创建“Debug\四平方和.unsuccessfulbuild”，因为已指定“AlwaysCreate”。
       ClCompile:
         E:\vs2010\VC\bin\CL.exe /c /ZI /nologo /W3 /WX- /Od /Oy- /D WIN32 /D _DEBUG /D _CONSOLE /D _UNICODE /D UNICODE /Gm /EHsc /RTC1 /MDd /GS /fp:precise /Zc:wchar_t /Zc:forScope /Fo"Debug\\" /Fd"Debug\vc100.pdb" /Gd /TP /analyze- /errorReport:prompt "四平方和.cpp"
         四平方和.cpp
     1>e:\vs 2010程序\四平方和\四平方和.cpp(21): warning C4244: “=”: 从“double”转换到“long”，可能丢失数据
       ManifestResourceCompile:
         所有输出均为最新。
       Link:
         E:\vs2010\VC\bin\link.exe /ERRORREPORT:PROMPT /OUT:"E:\vs 2010程序\四平方和\Debug\四平方和.exe" /INCREMENTAL /NOLOGO kernel32.lib user32.lib gdi32.lib winspool.lib comdlg32.lib advapi32.lib shell32.lib ole32.lib oleaut32.lib uuid.lib odbc32.lib odbccp32.lib /MANIFEST /ManifestFile:"Debug\四平方和.exe.intermediate.manifest" /MANIFESTUAC:"level='asInvoker' uiAccess='false'" /DEBUG /PDB:"E:\vs 2010程序\四平方和\Debug\四平方和.pdb" /SUBSYSTEM:CONSOLE /TLBID:1 /DYNAMICBASE /NXCOMPAT /IMPLIB:"E:\vs 2010程序\四平方和\Debug\四平方和.lib" /MACHINE:X86 "Debug\四平方和.exe.embed.manifest.res"
         "Debug\四平方和.obj"
       Manifest:
         C:\Program Files (x86)\Microsoft SDKs\Windows\v7.0A\bin\mt.exe /nologo /verbose /out:"Debug\四平方和.exe.embed.manifest" /manifest "Debug\四平方和.exe.intermediate.manifest"
         所有输出均为最新。
       LinkEmbedManifest:
         所有输出均为最新。
         四平方和.vcxproj -> E:\vs 2010程序\四平方和\Debug\四平方和.exe
       FinalizeBuildStatus:
         正在删除文件“Debug\四平方和.unsuccessfulbuild”。
         正在对“Debug\四平方和.lastbuildstate”执行 Touch 任务。
     1>已完成生成项目“E:\vs 2010程序\四平方和\四平方和.vcxproj”(build 个目标)的操作。

生成成功。

已用时间 00:00:01.22
