生成启动时间为 2017/6/6 12:55:30。
     1>项目“E:\vs 2010程序\2017_5_15_软件工程2\2017_5_15_软件工程2.vcxproj”在节点 2 上(build 个目标)。
     1>InitializeBuildStatus:
         正在对“Debug\2017_5_15_软件工程2.unsuccessfulbuild”执行 Touch 任务。
       ClCompile:
         所有输出均为最新。
       ManifestResourceCompile:
         所有输出均为最新。
       Link:
         E:\vs2010\VC\bin\link.exe /ERRORREPORT:PROMPT /OUT:"E:\vs 2010程序\2017_5_15_软件工程2\Debug\2017_5_15_软件工程2.exe" /INCREMENTAL /NOLOGO kernel32.lib user32.lib gdi32.lib winspool.lib comdlg32.lib advapi32.lib shell32.lib ole32.lib oleaut32.lib uuid.lib odbc32.lib odbccp32.lib /MANIFEST /ManifestFile:"Debug\2017_5_15_软件工程2.exe.intermediate.manifest" /MANIFESTUAC:"level='asInvoker' uiAccess='false'" /DEBUG /PDB:"E:\vs 2010程序\2017_5_15_软件工程2\Debug\2017_5_15_软件工程2.pdb" /SUBSYSTEM:CONSOLE /TLBID:1 /DYNAMICBASE /NXCOMPAT /IMPLIB:"E:\vs 2010程序\2017_5_15_软件工程2\Debug\2017_5_15_软件工程2.lib" /MACHINE:X86 "Debug\2017_5_15_软件工程2.exe.embed.manifest.res"
         Debug\youhua.obj
       Manifest:
         C:\Program Files (x86)\Microsoft SDKs\Windows\v7.0A\bin\mt.exe /nologo /verbose /out:"Debug\2017_5_15_软件工程2.exe.embed.manifest" /manifest "Debug\2017_5_15_软件工程2.exe.intermediate.manifest"
         所有输出均为最新。
       LinkEmbedManifest:
         所有输出均为最新。
         2017_5_15_软件工程2.vcxproj -> E:\vs 2010程序\2017_5_15_软件工程2\Debug\2017_5_15_软件工程2.exe
       FinalizeBuildStatus:
         正在删除文件“Debug\2017_5_15_软件工程2.unsuccessfulbuild”。
         正在对“Debug\2017_5_15_软件工程2.lastbuildstate”执行 Touch 任务。
     1>已完成生成项目“E:\vs 2010程序\2017_5_15_软件工程2\2017_5_15_软件工程2.vcxproj”(build 个目标)的操作。

生成成功。

已用时间 00:00:00.40
