生成启动时间为 2016/11/26 14:25:24。
     1>项目“E:\vs 2010程序\2016_11_26_huhao_String 2\2016_11_26_huhao_String 2.vcxproj”在节点 2 上(build 个目标)。
     1>InitializeBuildStatus:
         正在对“Debug\2016_11_26_huhao_String 2.unsuccessfulbuild”执行 Touch 任务。
       ClCompile:
         E:\vs2010\VC\bin\CL.exe /c /ZI /nologo /W3 /WX- /Od /Oy- /D WIN32 /D _DEBUG /D _CONSOLE /D _UNICODE /D UNICODE /Gm /EHsc /RTC1 /MDd /GS /fp:precise /Zc:wchar_t /Zc:forScope /Fo"Debug\\" /Fd"Debug\vc100.pdb" /Gd /TP /analyze- /errorReport:prompt "String 2.cpp"
         String 2.cpp
     1>e:\vs 2010程序\2016_11_26_huhao_string 2\string 2.cpp(15): warning C4996: 'strcpy': This function or variable may be unsafe. Consider using strcpy_s instead. To disable deprecation, use _CRT_SECURE_NO_WARNINGS. See online help for details.
                 e:\vs2010\vc\include\string.h(105) : 参见“strcpy”的声明
     1>e:\vs 2010程序\2016_11_26_huhao_string 2\string 2.cpp(21): warning C4996: 'strcpy': This function or variable may be unsafe. Consider using strcpy_s instead. To disable deprecation, use _CRT_SECURE_NO_WARNINGS. See online help for details.
                 e:\vs2010\vc\include\string.h(105) : 参见“strcpy”的声明
       ManifestResourceCompile:
         C:\Program Files (x86)\Microsoft SDKs\Windows\v7.0A\bin\rc.exe /nologo /fo"Debug\2016_11_26_huhao_String 2.exe.embed.manifest.res" "Debug\2016_11_26_huhao_String 2_manifest.rc" 
       Link:
         E:\vs2010\VC\bin\link.exe /ERRORREPORT:PROMPT /OUT:"E:\vs 2010程序\2016_11_26_huhao_String 2\Debug\2016_11_26_huhao_String 2.exe" /INCREMENTAL /NOLOGO kernel32.lib user32.lib gdi32.lib winspool.lib comdlg32.lib advapi32.lib shell32.lib ole32.lib oleaut32.lib uuid.lib odbc32.lib odbccp32.lib /MANIFEST /ManifestFile:"Debug\2016_11_26_huhao_String 2.exe.intermediate.manifest" /MANIFESTUAC:"level='asInvoker' uiAccess='false'" /DEBUG /PDB:"E:\vs 2010程序\2016_11_26_huhao_String 2\Debug\2016_11_26_huhao_String 2.pdb" /SUBSYSTEM:CONSOLE /TLBID:1 /DYNAMICBASE /NXCOMPAT /IMPLIB:"E:\vs 2010程序\2016_11_26_huhao_String 2\Debug\2016_11_26_huhao_String 2.lib" /MACHINE:X86 "Debug\2016_11_26_huhao_String 2.exe.embed.manifest.res"
         "Debug\String 2.obj"
       Manifest:
         C:\Program Files (x86)\Microsoft SDKs\Windows\v7.0A\bin\mt.exe /nologo /verbose /out:"Debug\2016_11_26_huhao_String 2.exe.embed.manifest" /manifest "Debug\2016_11_26_huhao_String 2.exe.intermediate.manifest"
         C:\Program Files (x86)\Microsoft SDKs\Windows\v7.0A\bin\rc.exe /nologo /fo"Debug\2016_11_26_huhao_String 2.exe.embed.manifest.res" "Debug\2016_11_26_huhao_String 2_manifest.rc" 
       LinkEmbedManifest:
         E:\vs2010\VC\bin\link.exe /ERRORREPORT:PROMPT /OUT:"E:\vs 2010程序\2016_11_26_huhao_String 2\Debug\2016_11_26_huhao_String 2.exe" /INCREMENTAL /NOLOGO kernel32.lib user32.lib gdi32.lib winspool.lib comdlg32.lib advapi32.lib shell32.lib ole32.lib oleaut32.lib uuid.lib odbc32.lib odbccp32.lib /MANIFEST /ManifestFile:"Debug\2016_11_26_huhao_String 2.exe.intermediate.manifest" /MANIFESTUAC:"level='asInvoker' uiAccess='false'" /DEBUG /PDB:"E:\vs 2010程序\2016_11_26_huhao_String 2\Debug\2016_11_26_huhao_String 2.pdb" /SUBSYSTEM:CONSOLE /TLBID:1 /DYNAMICBASE /NXCOMPAT /IMPLIB:"E:\vs 2010程序\2016_11_26_huhao_String 2\Debug\2016_11_26_huhao_String 2.lib" /MACHINE:X86 "Debug\2016_11_26_huhao_String 2.exe.embed.manifest.res"
         "Debug\String 2.obj"
         2016_11_26_huhao_String 2.vcxproj -> E:\vs 2010程序\2016_11_26_huhao_String 2\Debug\2016_11_26_huhao_String 2.exe
       FinalizeBuildStatus:
         正在删除文件“Debug\2016_11_26_huhao_String 2.unsuccessfulbuild”。
         正在对“Debug\2016_11_26_huhao_String 2.lastbuildstate”执行 Touch 任务。
     1>已完成生成项目“E:\vs 2010程序\2016_11_26_huhao_String 2\2016_11_26_huhao_String 2.vcxproj”(build 个目标)的操作。

生成成功。

已用时间 00:00:01.42
