生成启动时间为 2016/11/9 21:52:26。
     1>项目“E:\vs 2010程序\大赛练习 序列求和2016_11_9\大赛练习 序列求和2016_11_9.vcxproj”在节点 2 上(build 个目标)。
     1>InitializeBuildStatus:
         正在创建“Debug\大赛练习 序列求和2016_11_9.unsuccessfulbuild”，因为已指定“AlwaysCreate”。
       ClCompile:
         E:\vs2010\VC\bin\CL.exe /c /ZI /nologo /W3 /WX- /Od /Oy- /D WIN32 /D _DEBUG /D _CONSOLE /D _UNICODE /D UNICODE /Gm /EHsc /RTC1 /MDd /GS /fp:precise /Zc:wchar_t /Zc:forScope /Fo"Debug\\" /Fd"Debug\vc100.pdb" /Gd /TP /analyze- /errorReport:prompt "序列求和.cpp"
         序列求和.cpp
     1>e:\vs 2010程序\大赛练习 序列求和2016_11_9\序列求和.cpp(5): warning C4244: “return”: 从“double”转换到“__int64”，可能丢失数据
       ManifestResourceCompile:
         C:\Program Files (x86)\Microsoft SDKs\Windows\v7.0A\bin\rc.exe /nologo /fo"Debug\大赛练习 序列求和2016_11_9.exe.embed.manifest.res" "Debug\大赛练习 序列求和2016_11_9_manifest.rc" 
       Link:
         E:\vs2010\VC\bin\link.exe /ERRORREPORT:PROMPT /OUT:"E:\vs 2010程序\大赛练习 序列求和2016_11_9\Debug\大赛练习 序列求和2016_11_9.exe" /INCREMENTAL /NOLOGO kernel32.lib user32.lib gdi32.lib winspool.lib comdlg32.lib advapi32.lib shell32.lib ole32.lib oleaut32.lib uuid.lib odbc32.lib odbccp32.lib /MANIFEST /ManifestFile:"Debug\大赛练习 序列求和2016_11_9.exe.intermediate.manifest" /MANIFESTUAC:"level='asInvoker' uiAccess='false'" /DEBUG /PDB:"E:\vs 2010程序\大赛练习 序列求和2016_11_9\Debug\大赛练习 序列求和2016_11_9.pdb" /SUBSYSTEM:CONSOLE /TLBID:1 /DYNAMICBASE /NXCOMPAT /IMPLIB:"E:\vs 2010程序\大赛练习 序列求和2016_11_9\Debug\大赛练习 序列求和2016_11_9.lib" /MACHINE:X86 "Debug\大赛练习 序列求和2016_11_9.exe.embed.manifest.res"
         "Debug\序列求和.obj"
       Manifest:
         C:\Program Files (x86)\Microsoft SDKs\Windows\v7.0A\bin\mt.exe /nologo /verbose /out:"Debug\大赛练习 序列求和2016_11_9.exe.embed.manifest" /manifest "Debug\大赛练习 序列求和2016_11_9.exe.intermediate.manifest"
         C:\Program Files (x86)\Microsoft SDKs\Windows\v7.0A\bin\rc.exe /nologo /fo"Debug\大赛练习 序列求和2016_11_9.exe.embed.manifest.res" "Debug\大赛练习 序列求和2016_11_9_manifest.rc" 
       LinkEmbedManifest:
         E:\vs2010\VC\bin\link.exe /ERRORREPORT:PROMPT /OUT:"E:\vs 2010程序\大赛练习 序列求和2016_11_9\Debug\大赛练习 序列求和2016_11_9.exe" /INCREMENTAL /NOLOGO kernel32.lib user32.lib gdi32.lib winspool.lib comdlg32.lib advapi32.lib shell32.lib ole32.lib oleaut32.lib uuid.lib odbc32.lib odbccp32.lib /MANIFEST /ManifestFile:"Debug\大赛练习 序列求和2016_11_9.exe.intermediate.manifest" /MANIFESTUAC:"level='asInvoker' uiAccess='false'" /DEBUG /PDB:"E:\vs 2010程序\大赛练习 序列求和2016_11_9\Debug\大赛练习 序列求和2016_11_9.pdb" /SUBSYSTEM:CONSOLE /TLBID:1 /DYNAMICBASE /NXCOMPAT /IMPLIB:"E:\vs 2010程序\大赛练习 序列求和2016_11_9\Debug\大赛练习 序列求和2016_11_9.lib" /MACHINE:X86 "Debug\大赛练习 序列求和2016_11_9.exe.embed.manifest.res"
         "Debug\序列求和.obj"
         大赛练习 序列求和2016_11_9.vcxproj -> E:\vs 2010程序\大赛练习 序列求和2016_11_9\Debug\大赛练习 序列求和2016_11_9.exe
       FinalizeBuildStatus:
         正在删除文件“Debug\大赛练习 序列求和2016_11_9.unsuccessfulbuild”。
         正在对“Debug\大赛练习 序列求和2016_11_9.lastbuildstate”执行 Touch 任务。
     1>已完成生成项目“E:\vs 2010程序\大赛练习 序列求和2016_11_9\大赛练习 序列求和2016_11_9.vcxproj”(build 个目标)的操作。

生成成功。

已用时间 00:00:01.94
