生成启动时间为 2017/1/6 10:09:03。
     1>项目“E:\vs 2010程序\2-29\2-29.vcxproj”在节点 2 上(build 个目标)。
     1>InitializeBuildStatus:
         正在对“Debug\2-29  p.unsuccessfulbuild”执行 Touch 任务。
       ClCompile:
         E:\vs2010\VC\bin\CL.exe /c /ZI /nologo /W3 /WX- /Od /Oy- /D WIN32 /D _DEBUG /D _CONSOLE /D _UNICODE /D UNICODE /Gm /EHsc /RTC1 /MDd /GS /fp:precise /Zc:wchar_t /Zc:forScope /Fo"Debug\\" /Fd"Debug\vc100.pdb" /Gd /TP /analyze- /errorReport:prompt "2-29.cpp"
         2-29.cpp
       ManifestResourceCompile:
         所有输出均为最新。
       Link:
         E:\vs2010\VC\bin\link.exe /ERRORREPORT:PROMPT /OUT:"E:\vs 2010程序\2-29\Debug\2-29  p.exe" /INCREMENTAL /NOLOGO kernel32.lib user32.lib gdi32.lib winspool.lib comdlg32.lib advapi32.lib shell32.lib ole32.lib oleaut32.lib uuid.lib odbc32.lib odbccp32.lib /MANIFEST /ManifestFile:"Debug\2-29  p.exe.intermediate.manifest" /MANIFESTUAC:"level='asInvoker' uiAccess='false'" /DEBUG /PDB:"E:\vs 2010程序\2-29\Debug\2-29  p.pdb" /SUBSYSTEM:CONSOLE /TLBID:1 /DYNAMICBASE /NXCOMPAT /IMPLIB:"E:\vs 2010程序\2-29\Debug\2-29  p.lib" /MACHINE:X86 "Debug\2-29  p.exe.embed.manifest.res"
         "Debug\2-29.obj"
       Manifest:
         C:\Program Files (x86)\Microsoft SDKs\Windows\v7.0A\bin\mt.exe /nologo /verbose /out:"Debug\2-29  p.exe.embed.manifest" /manifest "Debug\2-29  p.exe.intermediate.manifest"
         所有输出均为最新。
       LinkEmbedManifest:
         所有输出均为最新。
         2-29.vcxproj -> E:\vs 2010程序\2-29\Debug\2-29  p.exe
       FinalizeBuildStatus:
         正在删除文件“Debug\2-29  p.unsuccessfulbuild”。
         正在对“Debug\2-29  p.lastbuildstate”执行 Touch 任务。
     1>已完成生成项目“E:\vs 2010程序\2-29\2-29.vcxproj”(build 个目标)的操作。

生成成功。

已用时间 00:00:00.66
